Log file opened on Thu Mar 27 09:46:34 2025
Host: laptop-tomas  pid: 502779  nodeid: 0  nnodes:  1
The Gromacs distribution was built tor  7 mar 2024 09:33:39 CET by
tomas@laptop-tomas [CMAKE] (Linux 6.5.0-15-generic x86_64)


                         :-)  G  R  O  M  A  C  S  (-:

                      GROup of MAchos and Cynical Suckers

                            :-)  VERSION 4.5.4  (-:

        Written by Emile Apol, Rossen Apostolov, Herman J.C. Berendsen,
      Aldert van Buuren, Pär Bjelkmar, Rudi van Drunen, Anton Feenstra, 
        Gerrit Groenhof, Peter Kasson, Per Larsson, Pieter Meulenhoff, 
           Teemu Murtola, Szilard Pall, Sander Pronk, Roland Schulz, 
                Michael Shirts, Alfons Sijbers, Peter Tieleman,

               Berk Hess, David van der Spoel, and Erik Lindahl.

       Copyright (c) 1991-2000, University of Groningen, The Netherlands.
            Copyright (c) 2001-2010, The GROMACS development team at
        Uppsala University & The Royal Institute of Technology, Sweden.
            check out http://www.gromacs.org for more information.

         This program is free software; you can redistribute it and/or
          modify it under the terms of the GNU General Public License
         as published by the Free Software Foundation; either version 2
             of the License, or (at your option) any later version.

              :-)  /home/tomas/programs/gromacs-mc/bin/mdrun  (-:


++++ PLEASE READ AND CITE THE FOLLOWING REFERENCE ++++
B. Hess and C. Kutzner and D. van der Spoel and E. Lindahl
GROMACS 4: Algorithms for highly efficient, load-balanced, and scalable
molecular simulation
J. Chem. Theory Comput. 4 (2008) pp. 435-447
-------- -------- --- Thank You --- -------- --------


++++ PLEASE READ AND CITE THE FOLLOWING REFERENCE ++++
D. van der Spoel, E. Lindahl, B. Hess, G. Groenhof, A. E. Mark and H. J. C.
Berendsen
GROMACS: Fast, Flexible and Free
J. Comp. Chem. 26 (2005) pp. 1701-1719
-------- -------- --- Thank You --- -------- --------


++++ PLEASE READ AND CITE THE FOLLOWING REFERENCE ++++
E. Lindahl and B. Hess and D. van der Spoel
GROMACS 3.0: A package for molecular simulation and trajectory analysis
J. Mol. Mod. 7 (2001) pp. 306-317
-------- -------- --- Thank You --- -------- --------


++++ PLEASE READ AND CITE THE FOLLOWING REFERENCE ++++
H. J. C. Berendsen, D. van der Spoel and R. van Drunen
GROMACS: A message-passing parallel molecular dynamics implementation
Comp. Phys. Comm. 91 (1995) pp. 43-56
-------- -------- --- Thank You --- -------- --------

Input Parameters:
   integrator           = md
   nsteps               = 30000
   init_step            = 0
   ns_type              = Grid
   nstlist              = 5
   ndelta               = 2
   nstcomm              = 5
   comm_mode            = Linear
   nstlog               = 100
   nstxout              = 100
   nstvout              = 100
   nstfout              = 100
   nstcalcenergy        = 5
   nstenergy            = 100
   nstxtcout            = 0
   init_t               = 0
   delta_t              = 1e-06
   xtcprec              = 100
   nkx                  = 0
   nky                  = 0
   nkz                  = 0
   pme_order            = 4
   ewald_rtol           = 1e-05
   ewald_geometry       = 0
   epsilon_surface      = 0
   optimize_fft         = FALSE
   ePBC                 = no
   bPeriodicMols        = FALSE
   bContinuation        = FALSE
   bShakeSOR            = FALSE
   etc                  = No
   nsttcouple           = -1
   epc                  = No
   epctype              = Isotropic
   nstpcouple           = -1
   tau_p                = 1
   ref_p (3x3):
      ref_p[    0]={ 0.00000e+00,  0.00000e+00,  0.00000e+00}
      ref_p[    1]={ 0.00000e+00,  0.00000e+00,  0.00000e+00}
      ref_p[    2]={ 0.00000e+00,  0.00000e+00,  0.00000e+00}
   compress (3x3):
      compress[    0]={ 0.00000e+00,  0.00000e+00,  0.00000e+00}
      compress[    1]={ 0.00000e+00,  0.00000e+00,  0.00000e+00}
      compress[    2]={ 0.00000e+00,  0.00000e+00,  0.00000e+00}
   refcoord_scaling     = No
   posres_com (3):
      posres_com[0]= 0.00000e+00
      posres_com[1]= 0.00000e+00
      posres_com[2]= 0.00000e+00
   posres_comB (3):
      posres_comB[0]= 0.00000e+00
      posres_comB[1]= 0.00000e+00
      posres_comB[2]= 0.00000e+00
   andersen_seed        = 815131
   rlist                = 2
   rlistlong            = 2
   rtpi                 = 0.05
   coulombtype          = Cut-off
   rcoulomb_switch      = 0
   rcoulomb             = 2
   vdwtype              = Cut-off
   rvdw_switch          = 0
   rvdw                 = 2
   epsilon_r            = 1
   epsilon_rf           = 1
   tabext               = 5000
   implicit_solvent     = No
   gb_algorithm         = Still
   gb_epsilon_solvent   = 80
   nstgbradii           = 1
   rgbradii             = 2
   gb_saltconc          = 0
   gb_obc_alpha         = 1
   gb_obc_beta          = 0.8
   gb_obc_gamma         = 4.85
   gb_dielectric_offset = 0.009
   sa_algorithm         = Ace-approximation
   sa_surface_tension   = 2.05016
   DispCorr             = No
   free_energy          = no
   init_lambda          = 0
   delta_lambda         = 0
   n_foreign_lambda     = 0
   sc_alpha             = 0
   sc_power             = 0
   sc_sigma             = 0.3
   sc_sigma_min         = 0.3
   nstdhdl              = 10
   separate_dhdl_file   = yes
   dhdl_derivatives     = yes
   dh_hist_size         = 0
   dh_hist_spacing      = 0.1
   nwall                = 0
   wall_type            = 9-3
   wall_atomtype[0]     = -1
   wall_atomtype[1]     = -1
   wall_density[0]      = 0
   wall_density[1]      = 0
   wall_ewald_zfac      = 3
   pull                 = no
   disre                = No
   disre_weighting      = Conservative
   disre_mixed          = FALSE
   dr_fc                = 1000
   dr_tau               = 0
   nstdisreout          = 100
   orires_fc            = 0
   orires_tau           = 0
   nstorireout          = 100
   dihre-fc             = 1000
   em_stepsize          = 0.01
   em_tol               = 0.1
   niter                = 20
   fc_stepsize          = 0
   nstcgsteep           = 1000
   nbfgscorr            = 10
   ConstAlg             = Lincs
   shake_tol            = 0.0001
   lincs_order          = 4
   lincs_warnangle      = 30
   lincs_iter           = 1
   bd_fric              = 0
   ld_seed              = 1993
   cos_accel            = 0
   deform (3x3):
      deform[    0]={ 0.00000e+00,  0.00000e+00,  0.00000e+00}
      deform[    1]={ 0.00000e+00,  0.00000e+00,  0.00000e+00}
      deform[    2]={ 0.00000e+00,  0.00000e+00,  0.00000e+00}
   userint1             = 1
   userint2             = 1
   userint3             = 1
   userint4             = 0
   userint5             = 0
   userint6             = 0
   userint7             = 0
   userint8             = 0
   userint9             = 0
   userreal1            = 0
   userreal2            = 1e+11
   userreal3            = 0.00125
   userreal4            = 100
   userreal5            = 600
   userreal6            = 0.55
   userreal7            = 0
   userreal8            = 0
   userreal8            = 0
grpopts:
   nrdf:        5877
   ref_t:           0
   tau_t:           0
anneal:          No
ann_npoints:           0
   acc:	           0           0           0
   nfreeze:           N           N           N
   energygrp_flags[  0]: 0
   efield-x:
      n = 0
   efield-xt:
      n = 0
   efield-y:
      n = 0
   efield-yt:
      n = 0
   efield-z:
      n = 0
   efield-zt:
      n = 0
   bQMMM                = FALSE
   QMconstraints        = 0
   QMMMscheme           = 0
   scalefactor          = 1
qm_opts:
   ngQM                 = 0
Table routines are used for coulomb: FALSE
Table routines are used for vdw:     FALSE
Cut-off's:   NS: 2   Coulomb: 2   LJ: 2
System total charge: 8.000
Generated table with 2501000 data points for 1-4 COUL.
Tabscale = 500 points/nm
Generated table with 2501000 data points for 1-4 LJ6.
Tabscale = 500 points/nm
Generated table with 2501000 data points for 1-4 LJ12.
Tabscale = 500 points/nm
Configuring nonbonded kernels...
Configuring standard C nonbonded kernels...
Testing x86_64 SSE2 support... present.


Center of mass motion removal mode is Linear
We have the following groups for center of mass motion removal:
  0:  rest
There are: 1960 Atoms
Initial temperature: 0 K

Started mdrun on node 0 Thu Mar 27 09:46:34 2025

           Step           Time         Lambda
              0        0.00000        0.00000

Grid: 9 x 6 x 5 cells
   Energies (kJ/mol)
          Morse            U-B    Proper Dih.  Improper Dih.      CMAP Dih.
    1.30707e+04    2.15947e+03    2.44455e+03    2.99722e+02   -7.23615e+02
          LJ-14     Coulomb-14        LJ (SR)   Coulomb (SR)      Potential
    2.13864e+03    8.35240e+03   -3.18783e+03    4.08593e+05    4.33147e+05
    Kinetic En.   Total Energy    Temperature Pressure (bar)
    2.56518e-03    4.33147e+05    1.04992e-04    0.00000e+00

           Step           Time         Lambda
            100        0.00010        0.00000

   Energies (kJ/mol)
          Morse            U-B    Proper Dih.  Improper Dih.      CMAP Dih.
    1.26033e+04    2.16175e+03    1.36859e+01    9.10599e-03   -1.02751e-01
          LJ-14     Coulomb-14        LJ (SR)   Coulomb (SR)      Potential
    2.12927e+03    2.13743e+07   -3.18858e+03    1.08176e+09    1.10314e+09
    Kinetic En.   Total Energy    Temperature Pressure (bar)
    1.36165e+05    1.10328e+09    5.57319e+03    0.00000e+00

           Step           Time         Lambda
            200        0.00020        0.00000

   Energies (kJ/mol)
          Morse            U-B    Proper Dih.  Improper Dih.      CMAP Dih.
    1.06639e+04    2.19287e+03    1.05802e+01    0.00000e+00    0.00000e+00
          LJ-14     Coulomb-14        LJ (SR)   Coulomb (SR)      Potential
    2.07530e+03    2.40470e+07   -3.19316e+03    1.22763e+09    1.25169e+09
    Kinetic En.   Total Energy    Temperature Pressure (bar)
    1.06728e+06    1.25276e+09    4.36835e+04    0.00000e+00

           Step           Time         Lambda
            300        0.00030        0.00000

   Energies (kJ/mol)
          Morse            U-B    Proper Dih.  Improper Dih.      CMAP Dih.
    8.33670e+03    2.34152e+03    1.03852e+01    0.00000e+00    0.00000e+00
          LJ-14     Coulomb-14        LJ (SR)   Coulomb (SR)      Potential
    1.97433e+03    2.52700e+07   -3.19670e+03    1.29734e+09    1.32262e+09
    Kinetic En.   Total Energy    Temperature Pressure (bar)
    3.05402e+06    1.32567e+09    1.25000e+05    0.00000e+00

           Step           Time         Lambda
            400        0.00040        0.00000

   Energies (kJ/mol)
          Morse            U-B    Proper Dih.  Improper Dih.      CMAP Dih.
    7.68632e+03    2.74864e+03    3.32818e+00    0.00000e+00    0.00000e+00
          LJ-14     Coulomb-14        LJ (SR)   Coulomb (SR)      Potential
    1.83966e+03    2.64604e+07   -3.18951e+03    1.36714e+09    1.39361e+09
    Kinetic En.   Total Energy    Temperature Pressure (bar)
    6.21133e+06    1.39982e+09    2.54227e+05    0.00000e+00

           Step           Time         Lambda
            500        0.00050        0.00000

   Energies (kJ/mol)
          Morse            U-B    Proper Dih.  Improper Dih.      CMAP Dih.
    1.09399e+04    3.58140e+03    3.24505e+00    0.00000e+00    0.00000e+00
          LJ-14     Coulomb-14        LJ (SR)   Coulomb (SR)      Potential
    1.69126e+03    2.64817e+07   -3.15586e+03    1.36989e+09    1.39639e+09
    Kinetic En.   Total Energy    Temperature Pressure (bar)
    1.05125e+07    1.40690e+09    4.30271e+05    0.00000e+00

           Step           Time         Lambda
            600        0.00060        0.00000

   Energies (kJ/mol)
          Morse            U-B    Proper Dih.  Improper Dih.      CMAP Dih.
    1.98856e+04    5.01400e+03    2.73853e+00    0.00000e+00    0.00000e+00
          LJ-14     Coulomb-14        LJ (SR)   Coulomb (SR)      Potential
    1.55315e+03    2.67463e+07   -3.07145e+03    1.38775e+09    1.41452e+09
    Kinetic En.   Total Energy    Temperature Pressure (bar)
    1.59218e+07    1.43044e+09    6.51674e+05    0.00000e+00

           Step           Time         Lambda
            700        0.00070        0.00000

   Energies (kJ/mol)
          Morse            U-B    Proper Dih.  Improper Dih.      CMAP Dih.
    3.54252e+04    7.20203e+03    2.56995e+00    0.00000e+00    0.00000e+00
          LJ-14     Coulomb-14        LJ (SR)   Coulomb (SR)      Potential
    1.45259e+03    2.69257e+07   -2.89535e+03    1.39964e+09    1.42660e+09
    Kinetic En.   Total Energy    Temperature Pressure (bar)
    2.24430e+07    1.44905e+09    9.18581e+05    0.00000e+00

           Step           Time         Lambda
            800        0.00080        0.00000

   Energies (kJ/mol)
          Morse            U-B    Proper Dih.  Improper Dih.      CMAP Dih.
    5.74993e+04    1.02696e+04    2.52669e+00    0.00000e+00    0.00000e+00
          LJ-14     Coulomb-14        LJ (SR)   Coulomb (SR)      Potential
    1.43217e+03    2.67598e+07   -2.54687e+03    1.38962e+09    1.41644e+09
    Kinetic En.   Total Energy    Temperature Pressure (bar)
    2.99964e+07    1.44644e+09    1.22774e+06    0.00000e+00

           Step           Time         Lambda
            900        0.00090        0.00000

   Energies (kJ/mol)
          Morse            U-B    Proper Dih.  Improper Dih.      CMAP Dih.
    8.52520e+04    1.43026e+04    2.77975e+00    0.00000e+00    0.00000e+00
          LJ-14     Coulomb-14        LJ (SR)   Coulomb (SR)      Potential
    1.58729e+03    2.65511e+07   -1.82641e+03    1.37846e+09    1.40511e+09
    Kinetic En.   Total Energy    Temperature Pressure (bar)
    3.85029e+07    1.44362e+09    1.57591e+06    0.00000e+00

           Step           Time         Lambda
           1000        0.00100        0.00000

   Energies (kJ/mol)
          Morse            U-B    Proper Dih.  Improper Dih.      CMAP Dih.
    1.17249e+05    1.93078e+04    3.66170e+00    0.00000e+00    0.00000e+00
          LJ-14     Coulomb-14        LJ (SR)   Coulomb (SR)      Potential
    2.19622e+03    2.63405e+07   -4.60940e+01    1.36699e+09    1.39347e+09
    Kinetic En.   Total Energy    Temperature Pressure (bar)
    4.79030e+07    1.44137e+09    1.96065e+06    0.00000e+00

           Step           Time         Lambda
           1100        0.00110        0.00000

   Energies (kJ/mol)
          Morse            U-B    Proper Dih.  Improper Dih.      CMAP Dih.
    1.51821e+05    2.51176e+04    5.54137e+00    0.00000e+00    0.00000e+00
          LJ-14     Coulomb-14        LJ (SR)   Coulomb (SR)      Potential
    4.17802e+03    2.60617e+07    6.33149e+03    1.35100e+09    1.37725e+09
    Kinetic En.   Total Energy    Temperature Pressure (bar)
    5.81120e+07    1.43536e+09    2.37850e+06    0.00000e+00

           Step           Time         Lambda
           1200        0.00120        0.00000

   Energies (kJ/mol)
          Morse            U-B    Proper Dih.  Improper Dih.      CMAP Dih.
    1.87362e+05    3.18559e+04    0.00000e+00    0.00000e+00    0.00000e+00
          LJ-14     Coulomb-14        LJ (SR)   Coulomb (SR)      Potential
    9.76801e+03    2.59149e+07    2.91389e+04    1.34296e+09    1.36913e+09
    Kinetic En.   Total Energy    Temperature Pressure (bar)
    6.90681e+07    1.43820e+09    2.82693e+06    0.00000e+00

           Step           Time         Lambda
           1300        0.00130        0.00000

   Energies (kJ/mol)
          Morse            U-B    Proper Dih.  Improper Dih.      CMAP Dih.
    2.22427e+05    3.94219e+04    0.00000e+00    0.00000e+00    0.00000e+00
          LJ-14     Coulomb-14        LJ (SR)   Coulomb (SR)      Potential
    1.57813e+04    2.55967e+07    4.12713e+04    1.32475e+09    1.35066e+09
    Kinetic En.   Total Energy    Temperature Pressure (bar)
    8.07133e+07    1.43138e+09    3.30356e+06    0.00000e+00

           Step           Time         Lambda
           1400        0.00140        0.00000

   Energies (kJ/mol)
          Morse            U-B    Proper Dih.  Improper Dih.      CMAP Dih.
    2.56327e+05    4.76234e+04    0.00000e+00    0.00000e+00    0.00000e+00
          LJ-14     Coulomb-14        LJ (SR)   Coulomb (SR)      Potential
    1.15697e+04    2.53347e+07    4.66700e+04    1.30788e+09    1.33358e+09
    Kinetic En.   Total Energy    Temperature Pressure (bar)
    9.29731e+07    1.42655e+09    3.80535e+06    0.00000e+00

           Step           Time         Lambda
           1500        0.00150        0.00000

   Energies (kJ/mol)
          Morse            U-B    Proper Dih.  Improper Dih.      CMAP Dih.
    2.89218e+05    5.63196e+04    0.00000e+00    0.00000e+00    0.00000e+00
          LJ-14     Coulomb-14        LJ (SR)   Coulomb (SR)      Potential
    8.89330e+03    2.49863e+07    5.97447e+04    1.28581e+09    1.31121e+09
    Kinetic En.   Total Energy    Temperature Pressure (bar)
    1.05731e+08    1.41694e+09    4.32754e+06    0.00000e+00

           Step           Time         Lambda
           1600        0.00160        0.00000

   Energies (kJ/mol)
          Morse            U-B    Proper Dih.  Improper Dih.      CMAP Dih.
    3.21190e+05    6.53709e+04    0.00000e+00    0.00000e+00    0.00000e+00
          LJ-14     Coulomb-14        LJ (SR)   Coulomb (SR)      Potential
    1.22570e+04    2.46532e+07    9.87158e+04    1.26356e+09    1.28871e+09
    Kinetic En.   Total Energy    Temperature Pressure (bar)
    1.18892e+08    1.40761e+09    4.86619e+06    0.00000e+00

           Step           Time         Lambda
           1700        0.00170        0.00000

   Energies (kJ/mol)
          Morse            U-B    Proper Dih.  Improper Dih.      CMAP Dih.
    3.51895e+05    7.47259e+04    0.00000e+00    0.00000e+00    0.00000e+00
          LJ-14     Coulomb-14        LJ (SR)   Coulomb (SR)      Potential
    2.32121e+04    2.42855e+07    1.50813e+05    1.23898e+09    1.26386e+09
    Kinetic En.   Total Energy    Temperature Pressure (bar)
    1.32387e+08    1.39625e+09    5.41855e+06    0.00000e+00

           Step           Time         Lambda
           1800        0.00180        0.00000

   Energies (kJ/mol)
          Morse            U-B    Proper Dih.  Improper Dih.      CMAP Dih.
    3.80935e+05    8.43138e+04    0.00000e+00    0.00000e+00    0.00000e+00
          LJ-14     Coulomb-14        LJ (SR)   Coulomb (SR)      Potential
    4.08929e+04    2.38904e+07    1.84851e+05    1.21286e+09    1.23744e+09
    Kinetic En.   Total Energy    Temperature Pressure (bar)
    1.46159e+08    1.38360e+09    5.98224e+06    0.00000e+00

           Step           Time         Lambda
           1900        0.00190        0.00000

   Energies (kJ/mol)
          Morse            U-B    Proper Dih.  Improper Dih.      CMAP Dih.
    4.08136e+05    9.40825e+04    0.00000e+00    0.00000e+00    0.00000e+00
          LJ-14     Coulomb-14        LJ (SR)   Coulomb (SR)      Potential
    4.46496e+04    2.35117e+07    1.69457e+05    1.18641e+09    1.21064e+09
    Kinetic En.   Total Energy    Temperature Pressure (bar)
    1.60191e+08    1.37083e+09    6.55655e+06    0.00000e+00

           Step           Time         Lambda
           2000        0.00200        0.00000

   Energies (kJ/mol)
          Morse            U-B    Proper Dih.  Improper Dih.      CMAP Dih.
    4.33586e+05    1.04037e+05    0.00000e+00    0.00000e+00    0.00000e+00
          LJ-14     Coulomb-14        LJ (SR)   Coulomb (SR)      Potential
    3.96787e+04    2.31252e+07    1.37524e+05    1.15978e+09    1.18362e+09
    Kinetic En.   Total Energy    Temperature Pressure (bar)
    1.74382e+08    1.35800e+09    7.13738e+06    0.00000e+00

           Step           Time         Lambda
           2100        0.00210        0.00000

   Energies (kJ/mol)
          Morse            U-B    Proper Dih.  Improper Dih.      CMAP Dih.
    4.57494e+05    1.14104e+05    0.00000e+00    0.00000e+00    0.00000e+00
          LJ-14     Coulomb-14        LJ (SR)   Coulomb (SR)      Potential
    2.71867e+04    2.27193e+07    1.31485e+05    1.13187e+09    1.15532e+09
    Kinetic En.   Total Energy    Temperature Pressure (bar)
    1.88622e+08    1.34394e+09    7.72021e+06    0.00000e+00

           Step           Time         Lambda
           2200        0.00220        0.00000

   Energies (kJ/mol)
          Morse            U-B    Proper Dih.  Improper Dih.      CMAP Dih.
    4.80084e+05    1.24374e+05    0.00000e+00    0.00000e+00    0.00000e+00
          LJ-14     Coulomb-14        LJ (SR)   Coulomb (SR)      Potential
    1.65748e+04    2.23354e+07    1.41695e+05    1.10536e+09    1.12846e+09
    Kinetic En.   Total Energy    Temperature Pressure (bar)
    2.02863e+08    1.33133e+09    8.30309e+06    0.00000e+00

           Step           Time         Lambda
           2300        0.00230        0.00000

   Energies (kJ/mol)
          Morse            U-B    Proper Dih.  Improper Dih.      CMAP Dih.
    5.01527e+05    1.34773e+05    0.00000e+00    0.00000e+00    0.00000e+00
          LJ-14     Coulomb-14        LJ (SR)   Coulomb (SR)      Potential
    1.22245e+04    2.19307e+07    1.74084e+05    1.07676e+09    1.09951e+09
    Kinetic En.   Total Energy    Temperature Pressure (bar)
    2.17028e+08    1.31654e+09    8.88289e+06    0.00000e+00

           Step           Time         Lambda
           2400        0.00240        0.00000

   Energies (kJ/mol)
          Morse            U-B    Proper Dih.  Improper Dih.      CMAP Dih.
    5.21900e+05    1.45248e+05    0.00000e+00    0.00000e+00    0.00000e+00
          LJ-14     Coulomb-14        LJ (SR)   Coulomb (SR)      Potential
    1.22062e+04    2.15540e+07    1.61673e+05    1.05001e+09    1.07240e+09
    Kinetic En.   Total Energy    Temperature Pressure (bar)
    2.31146e+08    1.30355e+09    9.46070e+06    0.00000e+00

           Step           Time         Lambda
           2500        0.00250        0.00000

   Energies (kJ/mol)
          Morse            U-B    Proper Dih.  Improper Dih.      CMAP Dih.
    5.41325e+05    1.55785e+05    0.00000e+00    0.00000e+00    0.00000e+00
          LJ-14     Coulomb-14        LJ (SR)   Coulomb (SR)      Potential
    1.36753e+04    2.11723e+07    1.62548e+05    1.02217e+09    1.04422e+09
    Kinetic En.   Total Energy    Temperature Pressure (bar)
    2.45116e+08    1.28933e+09    1.00325e+07    0.00000e+00

           Step           Time         Lambda
           2600        0.00260        0.00000

   Energies (kJ/mol)
          Morse            U-B    Proper Dih.  Improper Dih.      CMAP Dih.
    5.59912e+05    1.66298e+05    0.00000e+00    0.00000e+00    0.00000e+00
          LJ-14     Coulomb-14        LJ (SR)   Coulomb (SR)      Potential
    1.40792e+04    2.07798e+07    1.39390e+05    9.93496e+08    1.01516e+09
    Kinetic En.   Total Energy    Temperature Pressure (bar)
    2.58924e+08    1.27408e+09    1.05976e+07    0.00000e+00

           Step           Time         Lambda
           2700        0.00270        0.00000

   Energies (kJ/mol)
          Morse            U-B    Proper Dih.  Improper Dih.      CMAP Dih.
    5.77756e+05    1.76769e+05    0.00000e+00    0.00000e+00    0.00000e+00
          LJ-14     Coulomb-14        LJ (SR)   Coulomb (SR)      Potential
    1.40146e+04    2.03929e+07    1.46335e+05    9.65448e+08    9.86756e+08
    Kinetic En.   Total Energy    Temperature Pressure (bar)
    2.72479e+08    1.25923e+09    1.11524e+07    0.00000e+00

           Step           Time         Lambda
           2800        0.00280        0.00000

   Energies (kJ/mol)
          Morse            U-B    Proper Dih.  Improper Dih.      CMAP Dih.
    5.94906e+05    1.87103e+05    0.00000e+00    0.00000e+00    0.00000e+00
          LJ-14     Coulomb-14        LJ (SR)   Coulomb (SR)      Potential
    1.52062e+04    2.00121e+07    1.61334e+05    9.37280e+08    9.58250e+08
    Kinetic En.   Total Energy    Temperature Pressure (bar)
    2.85771e+08    1.24402e+09    1.16965e+07    0.00000e+00

           Step           Time         Lambda
           2900        0.00290        0.00000

   Energies (kJ/mol)
          Morse            U-B    Proper Dih.  Improper Dih.      CMAP Dih.
    6.11353e+05    1.97285e+05    0.00000e+00    0.00000e+00    0.00000e+00
          LJ-14     Coulomb-14        LJ (SR)   Coulomb (SR)      Potential
    1.83088e+04    1.96380e+07    1.78818e+05    9.09582e+08    9.30226e+08
    Kinetic En.   Total Energy    Temperature Pressure (bar)
    2.98780e+08    1.22901e+09    1.22290e+07    0.00000e+00

           Step           Time         Lambda
           3000        0.00300        0.00000

   Energies (kJ/mol)
          Morse            U-B    Proper Dih.  Improper Dih.      CMAP Dih.
    6.27034e+05    2.07345e+05    0.00000e+00    0.00000e+00    0.00000e+00
          LJ-14     Coulomb-14        LJ (SR)   Coulomb (SR)      Potential
    2.25436e+04    1.92707e+07    1.88045e+05    8.82303e+08    9.02618e+08
    Kinetic En.   Total Energy    Temperature Pressure (bar)
    3.11498e+08    1.21412e+09    1.27495e+07    0.00000e+00

           Step           Time         Lambda
           3100        0.00310        0.00000

   Energies (kJ/mol)
          Morse            U-B    Proper Dih.  Improper Dih.      CMAP Dih.
    6.41880e+05    2.17209e+05    0.00000e+00    0.00000e+00    0.00000e+00
          LJ-14     Coulomb-14        LJ (SR)   Coulomb (SR)      Potential
    2.65075e+04    1.89099e+07    1.90458e+05    8.55608e+08    8.75594e+08
    Kinetic En.   Total Energy    Temperature Pressure (bar)
    3.23907e+08    1.19950e+09    1.32574e+07    0.00000e+00

           Step           Time         Lambda
           3200        0.00320        0.00000

   Energies (kJ/mol)
          Morse            U-B    Proper Dih.  Improper Dih.      CMAP Dih.
    6.55838e+05    2.26912e+05    0.00000e+00    0.00000e+00    0.00000e+00
          LJ-14     Coulomb-14        LJ (SR)   Coulomb (SR)      Potential
    3.08224e+04    1.85556e+07    1.46716e+05    8.29396e+08    8.49012e+08
    Kinetic En.   Total Energy    Temperature Pressure (bar)
    3.36036e+08    1.18505e+09    1.37538e+07    0.00000e+00

           Step           Time         Lambda
           3300        0.00330        0.00000

   Energies (kJ/mol)
          Morse            U-B    Proper Dih.  Improper Dih.      CMAP Dih.
    6.68902e+05    2.36462e+05    0.00000e+00    0.00000e+00    0.00000e+00
          LJ-14     Coulomb-14        LJ (SR)   Coulomb (SR)      Potential
    3.85774e+04    1.82076e+07    1.49729e+05    8.03505e+08    8.22807e+08
    Kinetic En.   Total Energy    Temperature Pressure (bar)
    3.47778e+08    1.17058e+09    1.42344e+07    0.00000e+00

           Step           Time         Lambda
           3400        0.00340        0.00000

   Energies (kJ/mol)
          Morse            U-B    Proper Dih.  Improper Dih.      CMAP Dih.
    6.81098e+05    2.45838e+05    0.00000e+00    0.00000e+00    0.00000e+00
          LJ-14     Coulomb-14        LJ (SR)   Coulomb (SR)      Potential
    4.92113e+04    1.78659e+07    1.56303e+05    7.77696e+08    7.96694e+08
    Kinetic En.   Total Energy    Temperature Pressure (bar)
    3.59163e+08    1.15586e+09    1.47004e+07    0.00000e+00

           Step           Time         Lambda
           3500        0.00350        0.00000

   Energies (kJ/mol)
          Morse            U-B    Proper Dih.  Improper Dih.      CMAP Dih.
    6.92443e+05    2.55017e+05    0.00000e+00    0.00000e+00    0.00000e+00
          LJ-14     Coulomb-14        LJ (SR)   Coulomb (SR)      Potential
    5.32479e+04    1.75299e+07    1.52277e+05    7.52988e+08    7.71671e+08
    Kinetic En.   Total Energy    Temperature Pressure (bar)
    3.70212e+08    1.14188e+09    1.51526e+07    0.00000e+00

           Step           Time         Lambda
           3600        0.00360        0.00000

   Energies (kJ/mol)
          Morse            U-B    Proper Dih.  Improper Dih.      CMAP Dih.
    7.02959e+05    2.64001e+05    0.00000e+00    0.00000e+00    0.00000e+00
          LJ-14     Coulomb-14        LJ (SR)   Coulomb (SR)      Potential
    4.70713e+04    1.71994e+07    1.49695e+05    7.28997e+08    7.47360e+08
    Kinetic En.   Total Energy    Temperature Pressure (bar)
    3.80918e+08    1.12828e+09    1.55908e+07    0.00000e+00

           Step           Time         Lambda
           3700        0.00370        0.00000

   Energies (kJ/mol)
          Morse            U-B    Proper Dih.  Improper Dih.      CMAP Dih.
    7.12662e+05    2.72789e+05    0.00000e+00    0.00000e+00    0.00000e+00
          LJ-14     Coulomb-14        LJ (SR)   Coulomb (SR)      Potential
    3.75756e+04    1.68753e+07    1.21226e+05    7.05612e+08    7.23631e+08
    Kinetic En.   Total Energy    Temperature Pressure (bar)
    3.91302e+08    1.11493e+09    1.60159e+07    0.00000e+00

           Step           Time         Lambda
           3800        0.00380        0.00000

   Energies (kJ/mol)
          Morse            U-B    Proper Dih.  Improper Dih.      CMAP Dih.
    7.21568e+05    2.81378e+05    0.00000e+00    0.00000e+00    0.00000e+00
          LJ-14     Coulomb-14        LJ (SR)   Coulomb (SR)      Potential
    2.88325e+04    1.65578e+07    1.05494e+05    6.82852e+08    7.00547e+08
    Kinetic En.   Total Energy    Temperature Pressure (bar)
    4.01326e+08    1.10187e+09    1.64261e+07    0.00000e+00

           Step           Time         Lambda
           3900        0.00390        0.00000

   Energies (kJ/mol)
          Morse            U-B    Proper Dih.  Improper Dih.      CMAP Dih.
    7.29693e+05    2.89761e+05    0.00000e+00    0.00000e+00    0.00000e+00
          LJ-14     Coulomb-14        LJ (SR)   Coulomb (SR)      Potential
    2.22699e+04    1.62475e+07    1.04906e+05    6.60774e+08    6.78168e+08
    Kinetic En.   Total Energy    Temperature Pressure (bar)
    4.10989e+08    1.08916e+09    1.68216e+07    0.00000e+00

           Step           Time         Lambda
           4000        0.00400        0.00000

   Energies (kJ/mol)
          Morse            U-B    Proper Dih.  Improper Dih.      CMAP Dih.
    7.37058e+05    2.97933e+05    0.00000e+00    0.00000e+00    0.00000e+00
          LJ-14     Coulomb-14        LJ (SR)   Coulomb (SR)      Potential
    1.78462e+04    1.59445e+07    9.77832e+04    6.39236e+08    6.56331e+08
    Kinetic En.   Total Energy    Temperature Pressure (bar)
    4.20315e+08    1.07665e+09    1.72033e+07    0.00000e+00

           Step           Time         Lambda
           4100        0.00410        0.00000

   Energies (kJ/mol)
          Morse            U-B    Proper Dih.  Improper Dih.      CMAP Dih.
    7.43714e+05    3.05905e+05    0.00000e+00    0.00000e+00    0.00000e+00
          LJ-14     Coulomb-14        LJ (SR)   Coulomb (SR)      Potential
    1.49641e+04    1.56488e+07    9.06594e+04    6.18054e+08    6.34858e+08
    Kinetic En.   Total Energy    Temperature Pressure (bar)
    4.29303e+08    1.06416e+09    1.75712e+07    0.00000e+00

           Step           Time         Lambda
           4200        0.00420        0.00000

   Energies (kJ/mol)
          Morse            U-B    Proper Dih.  Improper Dih.      CMAP Dih.
    7.49735e+05    3.13659e+05    0.00000e+00    0.00000e+00    0.00000e+00
          LJ-14     Coulomb-14        LJ (SR)   Coulomb (SR)      Potential
    1.30389e+04    1.53603e+07    9.13295e+04    5.97941e+08    6.14470e+08
    Kinetic En.   Total Energy    Temperature Pressure (bar)
    4.37953e+08    1.05242e+09    1.79252e+07    0.00000e+00

           Step           Time         Lambda
           4300        0.00430        0.00000

   Energies (kJ/mol)
          Morse            U-B    Proper Dih.  Improper Dih.      CMAP Dih.
    7.55199e+05    3.21182e+05    0.00000e+00    0.00000e+00    0.00000e+00
          LJ-14     Coulomb-14        LJ (SR)   Coulomb (SR)      Potential
    1.16441e+04    1.50792e+07    9.50663e+04    5.78395e+08    5.94658e+08
    Kinetic En.   Total Energy    Temperature Pressure (bar)
    4.46282e+08    1.04094e+09    1.82661e+07    0.00000e+00

           Step           Time         Lambda
           4400        0.00440        0.00000

   Energies (kJ/mol)
          Morse            U-B    Proper Dih.  Improper Dih.      CMAP Dih.
    7.60179e+05    3.28520e+05    0.00000e+00    0.00000e+00    0.00000e+00
          LJ-14     Coulomb-14        LJ (SR)   Coulomb (SR)      Potential
    1.05201e+04    1.48051e+07    9.60546e+04    5.59318e+08    5.75318e+08
    Kinetic En.   Total Energy    Temperature Pressure (bar)
    4.54301e+08    1.02962e+09    1.85944e+07    0.00000e+00

           Step           Time         Lambda
           4500        0.00450        0.00000

   Energies (kJ/mol)
          Morse            U-B    Proper Dih.  Improper Dih.      CMAP Dih.
    7.64714e+05    3.35685e+05    0.00000e+00    0.00000e+00    0.00000e+00
          LJ-14     Coulomb-14        LJ (SR)   Coulomb (SR)      Potential
    9.54037e+03    1.45381e+07    1.01872e+05    5.40957e+08    5.56707e+08
    Kinetic En.   Total Energy    Temperature Pressure (bar)
    4.62009e+08    1.01872e+09    1.89098e+07    0.00000e+00

           Step           Time         Lambda
           4600        0.00460        0.00000

   Energies (kJ/mol)
          Morse            U-B    Proper Dih.  Improper Dih.      CMAP Dih.
    7.68825e+05    3.42687e+05    0.00000e+00    0.00000e+00    0.00000e+00
          LJ-14     Coulomb-14        LJ (SR)   Coulomb (SR)      Potential
    8.64715e+03    1.42779e+07    1.11633e+05    5.23054e+08    5.38564e+08
    Kinetic En.   Total Energy    Temperature Pressure (bar)
    4.69415e+08    1.00798e+09    1.92130e+07    0.00000e+00

           Step           Time         Lambda
           4700        0.00470        0.00000

   Energies (kJ/mol)
          Morse            U-B    Proper Dih.  Improper Dih.      CMAP Dih.
    7.72522e+05    3.49516e+05    0.00000e+00    0.00000e+00    0.00000e+00
          LJ-14     Coulomb-14        LJ (SR)   Coulomb (SR)      Potential
    7.75606e+03    1.40245e+07    1.19796e+05    5.05764e+08    5.21038e+08
    Kinetic En.   Total Energy    Temperature Pressure (bar)
    4.76535e+08    9.97572e+08    1.95044e+07    0.00000e+00

           Step           Time         Lambda
           4800        0.00480        0.00000

   Energies (kJ/mol)
          Morse            U-B    Proper Dih.  Improper Dih.      CMAP Dih.
    7.75818e+05    3.56159e+05    0.00000e+00    0.00000e+00    0.00000e+00
          LJ-14     Coulomb-14        LJ (SR)   Coulomb (SR)      Potential
    6.73196e+03    1.37775e+07    1.30513e+05    4.89282e+08    5.04329e+08
    Kinetic En.   Total Energy    Temperature Pressure (bar)
    4.83375e+08    9.87704e+08    1.97843e+07    0.00000e+00

           Step           Time         Lambda
           4900        0.00490        0.00000

   Energies (kJ/mol)
          Morse            U-B    Proper Dih.  Improper Dih.      CMAP Dih.
    7.78744e+05    3.62637e+05    0.00000e+00    0.00000e+00    0.00000e+00
          LJ-14     Coulomb-14        LJ (SR)   Coulomb (SR)      Potential
    5.52942e+03    1.35369e+07    1.35075e+05    4.73073e+08    4.87891e+08
    Kinetic En.   Total Energy    Temperature Pressure (bar)
    4.89953e+08    9.77844e+08    2.00536e+07    0.00000e+00

           Step           Time         Lambda
           5000        0.00500        0.00000

   Energies (kJ/mol)
          Morse            U-B    Proper Dih.  Improper Dih.      CMAP Dih.
    7.81344e+05    3.68944e+05    0.00000e+00    0.00000e+00    0.00000e+00
          LJ-14     Coulomb-14        LJ (SR)   Coulomb (SR)      Potential
    4.30214e+03    1.33027e+07    1.32681e+05    4.57510e+08    4.72100e+08
    Kinetic En.   Total Energy    Temperature Pressure (bar)
    4.96278e+08    9.68378e+08    2.03125e+07    0.00000e+00

           Step           Time         Lambda
           5100        0.00510        0.00000

   Energies (kJ/mol)
          Morse            U-B    Proper Dih.  Improper Dih.      CMAP Dih.
    7.83670e+05    3.75070e+05    0.00000e+00    0.00000e+00    0.00000e+00
          LJ-14     Coulomb-14        LJ (SR)   Coulomb (SR)      Potential
    3.25462e+03    1.30745e+07    1.19515e+05    4.42553e+08    4.56909e+08
    Kinetic En.   Total Energy    Temperature Pressure (bar)
    5.02366e+08    9.59275e+08    2.05616e+07    0.00000e+00

           Step           Time         Lambda
           5200        0.00520        0.00000

   Energies (kJ/mol)
          Morse            U-B    Proper Dih.  Improper Dih.      CMAP Dih.
    7.85767e+05    3.81028e+05    0.00000e+00    0.00000e+00    0.00000e+00
          LJ-14     Coulomb-14        LJ (SR)   Coulomb (SR)      Potential
    2.47282e+03    1.28522e+07    1.00227e+05    4.28080e+08    4.42202e+08
    Kinetic En.   Total Energy    Temperature Pressure (bar)
    5.08218e+08    9.50419e+08    2.08011e+07    0.00000e+00

           Step           Time         Lambda
           5300        0.00530        0.00000

   Energies (kJ/mol)
          Morse            U-B    Proper Dih.  Improper Dih.      CMAP Dih.
    7.87670e+05    3.86824e+05    0.00000e+00    0.00000e+00    0.00000e+00
          LJ-14     Coulomb-14        LJ (SR)   Coulomb (SR)      Potential
    1.93083e+03    1.26359e+07    8.25605e+04    4.13866e+08    4.27761e+08
    Kinetic En.   Total Energy    Temperature Pressure (bar)
    5.13835e+08    9.41596e+08    2.10311e+07    0.00000e+00

           Step           Time         Lambda
           5400        0.00540        0.00000

   Energies (kJ/mol)
          Morse            U-B    Proper Dih.  Improper Dih.      CMAP Dih.
    7.89398e+05    3.92461e+05    0.00000e+00    0.00000e+00    0.00000e+00
          LJ-14     Coulomb-14        LJ (SR)   Coulomb (SR)      Potential
    1.56701e+03    1.24253e+07    7.07137e+04    4.00324e+08    4.14003e+08
    Kinetic En.   Total Energy    Temperature Pressure (bar)
    5.19221e+08    9.33225e+08    2.12515e+07    0.00000e+00

           Step           Time         Lambda
           5500        0.00550        0.00000

   Energies (kJ/mol)
          Morse            U-B    Proper Dih.  Improper Dih.      CMAP Dih.
    7.90964e+05    3.97942e+05    0.00000e+00    0.00000e+00    0.00000e+00
          LJ-14     Coulomb-14        LJ (SR)   Coulomb (SR)      Potential
    1.32529e+03    1.22203e+07    6.61394e+04    3.87407e+08    4.00883e+08
    Kinetic En.   Total Energy    Temperature Pressure (bar)
    5.24387e+08    9.25271e+08    2.14630e+07    0.00000e+00

           Step           Time         Lambda
           5600        0.00560        0.00000

   Energies (kJ/mol)
          Morse            U-B    Proper Dih.  Improper Dih.      CMAP Dih.
    7.92378e+05    4.03262e+05    0.00000e+00    0.00000e+00    0.00000e+00
          LJ-14     Coulomb-14        LJ (SR)   Coulomb (SR)      Potential
    1.16903e+03    1.20208e+07    6.40461e+04    3.74735e+08    3.88017e+08
    Kinetic En.   Total Energy    Temperature Pressure (bar)
    5.29345e+08    9.17361e+08    2.16659e+07    0.00000e+00

           Step           Time         Lambda
           5700        0.00570        0.00000

   Energies (kJ/mol)
          Morse            U-B    Proper Dih.  Improper Dih.      CMAP Dih.
    7.93648e+05    4.08439e+05    0.00000e+00    0.00000e+00    0.00000e+00
          LJ-14     Coulomb-14        LJ (SR)   Coulomb (SR)      Potential
    1.07422e+03    1.18266e+07    5.33715e+04    3.62612e+08    3.75695e+08
    Kinetic En.   Total Energy    Temperature Pressure (bar)
    5.34113e+08    9.09809e+08    2.18610e+07    0.00000e+00

           Step           Time         Lambda
           5800        0.00580        0.00000

   Energies (kJ/mol)
          Morse            U-B    Proper Dih.  Improper Dih.      CMAP Dih.
    7.94783e+05    4.13477e+05    0.00000e+00    0.00000e+00    0.00000e+00
          LJ-14     Coulomb-14        LJ (SR)   Coulomb (SR)      Potential
    1.02931e+03    1.16377e+07    4.48911e+04    3.50982e+08    3.63874e+08
    Kinetic En.   Total Energy    Temperature Pressure (bar)
    5.38690e+08    9.02564e+08    2.20484e+07    0.00000e+00

           Step           Time         Lambda
           5900        0.00590        0.00000

   Energies (kJ/mol)
          Morse            U-B    Proper Dih.  Improper Dih.      CMAP Dih.
    7.95794e+05    4.18386e+05    0.00000e+00    0.00000e+00    0.00000e+00
          LJ-14     Coulomb-14        LJ (SR)   Coulomb (SR)      Potential
    1.02896e+03    1.14537e+07    4.19205e+04    3.39744e+08    3.52455e+08
    Kinetic En.   Total Energy    Temperature Pressure (bar)
    5.43080e+08    8.95536e+08    2.22281e+07    0.00000e+00

           Step           Time         Lambda
           6000        0.00600        0.00000

   Energies (kJ/mol)
          Morse            U-B    Proper Dih.  Improper Dih.      CMAP Dih.
    7.96698e+05    4.23165e+05    0.00000e+00    0.00000e+00    0.00000e+00
          LJ-14     Coulomb-14        LJ (SR)   Coulomb (SR)      Potential
    1.06586e+03    1.12746e+07    4.66903e+04    3.28956e+08    3.41498e+08
    Kinetic En.   Total Energy    Temperature Pressure (bar)
    5.47289e+08    8.88787e+08    2.24003e+07    0.00000e+00

           Step           Time         Lambda
           6100        0.00610        0.00000

   Energies (kJ/mol)
          Morse            U-B    Proper Dih.  Improper Dih.      CMAP Dih.
    7.97508e+05    4.27814e+05    0.00000e+00    0.00000e+00    0.00000e+00
          LJ-14     Coulomb-14        LJ (SR)   Coulomb (SR)      Potential
    1.12048e+03    1.11002e+07    4.43060e+04    3.18417e+08    3.30787e+08
    Kinetic En.   Total Energy    Temperature Pressure (bar)
    5.51338e+08    8.82125e+08    2.25660e+07    0.00000e+00

           Step           Time         Lambda
           6200        0.00620        0.00000

   Energies (kJ/mol)
          Morse            U-B    Proper Dih.  Improper Dih.      CMAP Dih.
    7.98236e+05    4.32326e+05    0.00000e+00    0.00000e+00    0.00000e+00
          LJ-14     Coulomb-14        LJ (SR)   Coulomb (SR)      Potential
    1.15006e+03    1.09303e+07    4.10760e+04    3.08317e+08    3.20520e+08
    Kinetic En.   Total Energy    Temperature Pressure (bar)
    5.55227e+08    8.75747e+08    2.27252e+07    0.00000e+00

           Step           Time         Lambda
           6300        0.00630        0.00000

   Energies (kJ/mol)
          Morse            U-B    Proper Dih.  Improper Dih.      CMAP Dih.
    7.98887e+05    4.36706e+05    0.00000e+00    0.00000e+00    0.00000e+00
          LJ-14     Coulomb-14        LJ (SR)   Coulomb (SR)      Potential
    1.10835e+03    1.07650e+07    3.95953e+04    2.98376e+08    3.10417e+08
    Kinetic En.   Total Energy    Temperature Pressure (bar)
    5.58961e+08    8.69378e+08    2.28780e+07    0.00000e+00

           Step           Time         Lambda
           6400        0.00640        0.00000

   Energies (kJ/mol)
          Morse            U-B    Proper Dih.  Improper Dih.      CMAP Dih.
    7.99473e+05    4.40956e+05    0.00000e+00    0.00000e+00    0.00000e+00
          LJ-14     Coulomb-14        LJ (SR)   Coulomb (SR)      Potential
    9.81754e+02    1.06039e+07    3.97583e+04    2.88985e+08    3.00870e+08
    Kinetic En.   Total Energy    Temperature Pressure (bar)
    5.62545e+08    8.63414e+08    2.30247e+07    0.00000e+00

           Step           Time         Lambda
           6500        0.00650        0.00000

   Energies (kJ/mol)
          Morse            U-B    Proper Dih.  Improper Dih.      CMAP Dih.
    7.99995e+05    4.45081e+05    0.00000e+00    0.00000e+00    0.00000e+00
          LJ-14     Coulomb-14        LJ (SR)   Coulomb (SR)      Potential
    8.03293e+02    1.04470e+07    3.87314e+04    2.79844e+08    2.91576e+08
    Kinetic En.   Total Energy    Temperature Pressure (bar)
    5.65989e+08    8.57564e+08    2.31657e+07    0.00000e+00

           Step           Time         Lambda
           6600        0.00660        0.00000

   Energies (kJ/mol)
          Morse            U-B    Proper Dih.  Improper Dih.      CMAP Dih.
    8.00463e+05    4.49091e+05    0.00000e+00    0.00000e+00    0.00000e+00
          LJ-14     Coulomb-14        LJ (SR)   Coulomb (SR)      Potential
    6.21567e+02    1.02941e+07    3.36078e+04    2.71247e+08    2.82824e+08
    Kinetic En.   Total Energy    Temperature Pressure (bar)
    5.69304e+08    8.52128e+08    2.33014e+07    0.00000e+00

           Step           Time         Lambda
           6700        0.00670        0.00000

   Energies (kJ/mol)
          Morse            U-B    Proper Dih.  Improper Dih.      CMAP Dih.
    8.00880e+05    4.52988e+05    0.00000e+00    0.00000e+00    0.00000e+00
          LJ-14     Coulomb-14        LJ (SR)   Coulomb (SR)      Potential
    4.67161e+02    1.01452e+07    2.77964e+04    2.62589e+08    2.74016e+08
    Kinetic En.   Total Energy    Temperature Pressure (bar)
    5.72490e+08    8.46507e+08    2.34318e+07    0.00000e+00

           Step           Time         Lambda
           6800        0.00680        0.00000

   Energies (kJ/mol)
          Morse            U-B    Proper Dih.  Improper Dih.      CMAP Dih.
    8.01253e+05    4.56782e+05    0.00000e+00    0.00000e+00    0.00000e+00
          LJ-14     Coulomb-14        LJ (SR)   Coulomb (SR)      Potential
    3.47974e+02    1.00000e+07    2.34192e+04    2.54450e+08    2.65732e+08
    Kinetic En.   Total Energy    Temperature Pressure (bar)
    5.75551e+08    8.41282e+08    2.35571e+07    0.00000e+00

           Step           Time         Lambda
           6900        0.00690        0.00000

   Energies (kJ/mol)
          Morse            U-B    Proper Dih.  Improper Dih.      CMAP Dih.
    8.01586e+05    4.60475e+05    0.00000e+00    0.00000e+00    0.00000e+00
          LJ-14     Coulomb-14        LJ (SR)   Coulomb (SR)      Potential
    2.59818e+02    9.85858e+06    2.07345e+04    2.46711e+08    2.57852e+08
    Kinetic En.   Total Energy    Temperature Pressure (bar)
    5.78492e+08    8.36344e+08    2.36775e+07    0.00000e+00

           Step           Time         Lambda
           7000        0.00700        0.00000

   Energies (kJ/mol)
          Morse            U-B    Proper Dih.  Improper Dih.      CMAP Dih.
    8.01881e+05    4.64073e+05    0.00000e+00    0.00000e+00    0.00000e+00
          LJ-14     Coulomb-14        LJ (SR)   Coulomb (SR)      Potential
    1.95342e+02    9.72068e+06    1.93375e+04    2.39267e+08    2.50273e+08
    Kinetic En.   Total Energy    Temperature Pressure (bar)
    5.81321e+08    8.31594e+08    2.37932e+07    0.00000e+00

           Step           Time         Lambda
           7100        0.00710        0.00000

   Energies (kJ/mol)
          Morse            U-B    Proper Dih.  Improper Dih.      CMAP Dih.
    8.02146e+05    4.67579e+05    0.00000e+00    0.00000e+00    0.00000e+00
          LJ-14     Coulomb-14        LJ (SR)   Coulomb (SR)      Potential
    1.48070e+02    9.58624e+06    1.82104e+04    2.32077e+08    2.42952e+08
    Kinetic En.   Total Energy    Temperature Pressure (bar)
    5.84043e+08    8.26995e+08    2.39046e+07    0.00000e+00

           Step           Time         Lambda
           7200        0.00720        0.00000

   Energies (kJ/mol)
          Morse            U-B    Proper Dih.  Improper Dih.      CMAP Dih.
    8.02382e+05    4.70992e+05    0.00000e+00    0.00000e+00    0.00000e+00
          LJ-14     Coulomb-14        LJ (SR)   Coulomb (SR)      Potential
    1.13141e+02    9.45510e+06    1.73690e+04    2.24882e+08    2.35628e+08
    Kinetic En.   Total Energy    Temperature Pressure (bar)
    5.86660e+08    8.22289e+08    2.40118e+07    0.00000e+00

           Step           Time         Lambda
           7300        0.00730        0.00000

   Energies (kJ/mol)
          Morse            U-B    Proper Dih.  Improper Dih.      CMAP Dih.
    8.02593e+05    4.74313e+05    0.00000e+00    0.00000e+00    0.00000e+00
          LJ-14     Coulomb-14        LJ (SR)   Coulomb (SR)      Potential
    8.71579e+01    9.32727e+06    1.73309e+04    2.18158e+08    2.28780e+08
    Kinetic En.   Total Energy    Temperature Pressure (bar)
    5.89176e+08    8.17956e+08    2.41148e+07    0.00000e+00

           Step           Time         Lambda
           7400        0.00740        0.00000

   Energies (kJ/mol)
          Morse            U-B    Proper Dih.  Improper Dih.      CMAP Dih.
    8.02782e+05    4.77554e+05    0.00000e+00    0.00000e+00    0.00000e+00
          LJ-14     Coulomb-14        LJ (SR)   Coulomb (SR)      Potential
    6.76468e+01    9.20251e+06    1.78094e+04    2.11617e+08    2.22118e+08
    Kinetic En.   Total Energy    Temperature Pressure (bar)
    5.91598e+08    8.13715e+08    2.42139e+07    0.00000e+00

           Step           Time         Lambda
           7500        0.00750        0.00000

   Energies (kJ/mol)
          Morse            U-B    Proper Dih.  Improper Dih.      CMAP Dih.
    8.02951e+05    4.80716e+05    0.00000e+00    0.00000e+00    0.00000e+00
          LJ-14     Coulomb-14        LJ (SR)   Coulomb (SR)      Potential
    5.29103e+01    9.08080e+06    1.83432e+04    2.05332e+08    2.15715e+08
    Kinetic En.   Total Energy    Temperature Pressure (bar)
    5.93927e+08    8.09642e+08    2.43092e+07    0.00000e+00

           Step           Time         Lambda
           7600        0.00760        0.00000

   Energies (kJ/mol)
          Morse            U-B    Proper Dih.  Improper Dih.      CMAP Dih.
    8.03103e+05    4.83805e+05    0.00000e+00    0.00000e+00    0.00000e+00
          LJ-14     Coulomb-14        LJ (SR)   Coulomb (SR)      Potential
    4.17294e+01    8.96205e+06    1.87311e+04    1.99238e+08    2.09506e+08
    Kinetic En.   Total Energy    Temperature Pressure (bar)
    5.96170e+08    8.05677e+08    2.44010e+07    0.00000e+00

           Step           Time         Lambda
           7700        0.00770        0.00000

   Energies (kJ/mol)
          Morse            U-B    Proper Dih.  Improper Dih.      CMAP Dih.
    8.03239e+05    4.86823e+05    0.00000e+00    0.00000e+00    0.00000e+00
          LJ-14     Coulomb-14        LJ (SR)   Coulomb (SR)      Potential
    3.31727e+01    8.84610e+06    1.90061e+04    1.93418e+08    2.03573e+08
    Kinetic En.   Total Energy    Temperature Pressure (bar)
    5.98331e+08    8.01904e+08    2.44894e+07    0.00000e+00

           Step           Time         Lambda
           7800        0.00780        0.00000

   Energies (kJ/mol)
          Morse            U-B    Proper Dih.  Improper Dih.      CMAP Dih.
    8.03362e+05    4.89769e+05    0.00000e+00    0.00000e+00    0.00000e+00
          LJ-14     Coulomb-14        LJ (SR)   Coulomb (SR)      Potential
    2.65703e+01    8.73293e+06    1.97013e+04    1.87770e+08    1.97815e+08
    Kinetic En.   Total Energy    Temperature Pressure (bar)
    6.00411e+08    7.98226e+08    2.45746e+07    0.00000e+00

           Step           Time         Lambda
           7900        0.00790        0.00000

   Energies (kJ/mol)
          Morse            U-B    Proper Dih.  Improper Dih.      CMAP Dih.
    8.03473e+05    4.92649e+05    0.00000e+00    0.00000e+00    0.00000e+00
          LJ-14     Coulomb-14        LJ (SR)   Coulomb (SR)      Potential
    2.14397e+01    8.62242e+06    2.19133e+04    1.82175e+08    1.92115e+08
    Kinetic En.   Total Energy    Temperature Pressure (bar)
    6.02413e+08    7.94528e+08    2.46565e+07    0.00000e+00

           Step           Time         Lambda
           8000        0.00800        0.00000

   Energies (kJ/mol)
          Morse            U-B    Proper Dih.  Improper Dih.      CMAP Dih.
    8.03572e+05    4.95462e+05    0.00000e+00    0.00000e+00    0.00000e+00
          LJ-14     Coulomb-14        LJ (SR)   Coulomb (SR)      Potential
    1.74054e+01    8.51450e+06    2.22962e+04    1.76928e+08    1.86764e+08
    Kinetic En.   Total Energy    Temperature Pressure (bar)
    6.04343e+08    7.91107e+08    2.47355e+07    0.00000e+00

           Step           Time         Lambda
           8100        0.00810        0.00000

   Energies (kJ/mol)
          Morse            U-B    Proper Dih.  Improper Dih.      CMAP Dih.
    8.03662e+05    4.98211e+05    0.00000e+00    0.00000e+00    0.00000e+00
          LJ-14     Coulomb-14        LJ (SR)   Coulomb (SR)      Potential
    1.41990e+01    8.40908e+06    2.23206e+04    1.71864e+08    1.81597e+08
    Kinetic En.   Total Energy    Temperature Pressure (bar)
    6.06205e+08    7.87802e+08    2.48117e+07    0.00000e+00

           Step           Time         Lambda
           8200        0.00820        0.00000

   Energies (kJ/mol)
          Morse            U-B    Proper Dih.  Improper Dih.      CMAP Dih.
    8.03744e+05    5.00897e+05    0.00000e+00    0.00000e+00    0.00000e+00
          LJ-14     Coulomb-14        LJ (SR)   Coulomb (SR)      Potential
    1.16140e+01    8.30610e+06    2.10286e+04    1.66941e+08    1.76573e+08
    Kinetic En.   Total Energy    Temperature Pressure (bar)
    6.08002e+08    7.84574e+08    2.48853e+07    0.00000e+00

           Step           Time         Lambda
           8300        0.00830        0.00000

   Energies (kJ/mol)
          Morse            U-B    Proper Dih.  Improper Dih.      CMAP Dih.
    8.03817e+05    5.03522e+05    0.00000e+00    0.00000e+00    0.00000e+00
          LJ-14     Coulomb-14        LJ (SR)   Coulomb (SR)      Potential
    9.50766e+00    8.20543e+06    1.74262e+04    1.62170e+08    1.71701e+08
    Kinetic En.   Total Energy    Temperature Pressure (bar)
    6.09736e+08    7.81437e+08    2.49563e+07    0.00000e+00

           Step           Time         Lambda
           8400        0.00840        0.00000

   Energies (kJ/mol)
          Morse            U-B    Proper Dih.  Improper Dih.      CMAP Dih.
    8.03884e+05    5.06087e+05    0.00000e+00    0.00000e+00    0.00000e+00
          LJ-14     Coulomb-14        LJ (SR)   Coulomb (SR)      Potential
    7.77813e+00    8.10707e+06    1.44081e+04    1.57580e+08    1.67011e+08
    Kinetic En.   Total Energy    Temperature Pressure (bar)
    6.11409e+08    7.78420e+08    2.50247e+07    0.00000e+00

           Step           Time         Lambda
           8500        0.00850        0.00000

   Energies (kJ/mol)
          Morse            U-B    Proper Dih.  Improper Dih.      CMAP Dih.
    8.03944e+05    5.08595e+05    0.00000e+00    0.00000e+00    0.00000e+00
          LJ-14     Coulomb-14        LJ (SR)   Coulomb (SR)      Potential
    6.34459e+00    8.01088e+06    1.25836e+04    1.53117e+08    1.62453e+08
    Kinetic En.   Total Energy    Temperature Pressure (bar)
    6.13022e+08    7.75475e+08    2.50907e+07    0.00000e+00

           Step           Time         Lambda
           8600        0.00860        0.00000

   Energies (kJ/mol)
          Morse            U-B    Proper Dih.  Improper Dih.      CMAP Dih.
    8.04000e+05    5.11046e+05    0.00000e+00    0.00000e+00    0.00000e+00
          LJ-14     Coulomb-14        LJ (SR)   Coulomb (SR)      Potential
    5.15201e+00    7.91685e+06    1.13481e+04    1.48985e+08    1.58228e+08
    Kinetic En.   Total Energy    Temperature Pressure (bar)
    6.14577e+08    7.72805e+08    2.51544e+07    0.00000e+00

           Step           Time         Lambda
           8700        0.00870        0.00000

   Energies (kJ/mol)
          Morse            U-B    Proper Dih.  Improper Dih.      CMAP Dih.
    8.04049e+05    5.13442e+05    0.00000e+00    0.00000e+00    0.00000e+00
          LJ-14     Coulomb-14        LJ (SR)   Coulomb (SR)      Potential
    4.16256e+00    7.82488e+06    1.02451e+04    1.44828e+08    1.53980e+08
    Kinetic En.   Total Energy    Temperature Pressure (bar)
    6.16079e+08    7.70059e+08    2.52159e+07    0.00000e+00

           Step           Time         Lambda
           8800        0.00880        0.00000

   Energies (kJ/mol)
          Morse            U-B    Proper Dih.  Improper Dih.      CMAP Dih.
    8.04094e+05    5.15783e+05    0.00000e+00    0.00000e+00    0.00000e+00
          LJ-14     Coulomb-14        LJ (SR)   Coulomb (SR)      Potential
    3.34676e+00    7.73493e+06    9.15386e+03    1.40824e+08    1.49888e+08
    Kinetic En.   Total Energy    Temperature Pressure (bar)
    6.17528e+08    7.67416e+08    2.52752e+07    0.00000e+00

           Step           Time         Lambda
           8900        0.00890        0.00000

   Energies (kJ/mol)
          Morse            U-B    Proper Dih.  Improper Dih.      CMAP Dih.
    8.04136e+05    5.18071e+05    0.00000e+00    0.00000e+00    0.00000e+00
          LJ-14     Coulomb-14        LJ (SR)   Coulomb (SR)      Potential
    2.67990e+00    7.64692e+06    8.15545e+03    1.36959e+08    1.45936e+08
    Kinetic En.   Total Energy    Temperature Pressure (bar)
    6.18928e+08    7.64864e+08    2.53325e+07    0.00000e+00

           Step           Time         Lambda
           9000        0.00900        0.00000

   Energies (kJ/mol)
          Morse            U-B    Proper Dih.  Improper Dih.      CMAP Dih.
    8.04174e+05    5.20309e+05    0.00000e+00    0.00000e+00    0.00000e+00
          LJ-14     Coulomb-14        LJ (SR)   Coulomb (SR)      Potential
    2.14184e+00    7.56077e+06    7.33514e+03    1.33273e+08    1.42165e+08
    Kinetic En.   Total Energy    Temperature Pressure (bar)
    6.20279e+08    7.62444e+08    2.53878e+07    0.00000e+00

           Step           Time         Lambda
           9100        0.00910        0.00000

   Energies (kJ/mol)
          Morse            U-B    Proper Dih.  Improper Dih.      CMAP Dih.
    8.04208e+05    5.22498e+05    0.00000e+00    0.00000e+00    0.00000e+00
          LJ-14     Coulomb-14        LJ (SR)   Coulomb (SR)      Potential
    1.71095e+00    7.47649e+06    6.71108e+03    1.29601e+08    1.38411e+08
    Kinetic En.   Total Energy    Temperature Pressure (bar)
    6.21585e+08    7.59995e+08    2.54412e+07    0.00000e+00

           Step           Time         Lambda
           9200        0.00920        0.00000

   Energies (kJ/mol)
          Morse            U-B    Proper Dih.  Improper Dih.      CMAP Dih.
    8.04239e+05    5.24640e+05    0.00000e+00    0.00000e+00    0.00000e+00
          LJ-14     Coulomb-14        LJ (SR)   Coulomb (SR)      Potential
    1.37853e+00    7.39397e+06    6.24806e+03    1.26063e+08    1.34792e+08
    Kinetic En.   Total Energy    Temperature Pressure (bar)
    6.22845e+08    7.57637e+08    2.54928e+07    0.00000e+00

           Step           Time         Lambda
           9300        0.00930        0.00000

   Energies (kJ/mol)
          Morse            U-B    Proper Dih.  Improper Dih.      CMAP Dih.
    8.04267e+05    5.26738e+05    0.00000e+00    0.00000e+00    0.00000e+00
          LJ-14     Coulomb-14        LJ (SR)   Coulomb (SR)      Potential
    1.11997e+00    7.31318e+06    5.91074e+03    1.22588e+08    1.31238e+08
    Kinetic En.   Total Energy    Temperature Pressure (bar)
    6.24062e+08    7.55301e+08    2.55426e+07    0.00000e+00

           Step           Time         Lambda
           9400        0.00940        0.00000

   Energies (kJ/mol)
          Morse            U-B    Proper Dih.  Improper Dih.      CMAP Dih.
    8.04293e+05    5.28790e+05    0.00000e+00    0.00000e+00    0.00000e+00
          LJ-14     Coulomb-14        LJ (SR)   Coulomb (SR)      Potential
    9.31318e-01    7.23407e+06    5.73469e+03    1.19294e+08    1.27867e+08
    Kinetic En.   Total Energy    Temperature Pressure (bar)
    6.25238e+08    7.53105e+08    2.55907e+07    0.00000e+00

           Step           Time         Lambda
           9500        0.00950        0.00000

   Energies (kJ/mol)
          Morse            U-B    Proper Dih.  Improper Dih.      CMAP Dih.
    8.04317e+05    5.30801e+05    0.00000e+00    0.00000e+00    0.00000e+00
          LJ-14     Coulomb-14        LJ (SR)   Coulomb (SR)      Potential
    7.89174e-01    7.15660e+06    5.78884e+03    1.16051e+08    1.24549e+08
    Kinetic En.   Total Energy    Temperature Pressure (bar)
    6.26374e+08    7.50923e+08    2.56372e+07    0.00000e+00

           Step           Time         Lambda
           9600        0.00960        0.00000

   Energies (kJ/mol)
          Morse            U-B    Proper Dih.  Improper Dih.      CMAP Dih.
    8.04338e+05    5.32771e+05    0.00000e+00    0.00000e+00    0.00000e+00
          LJ-14     Coulomb-14        LJ (SR)   Coulomb (SR)      Potential
    6.92473e-01    7.08071e+06    6.04972e+03    1.12922e+08    1.21346e+08
    Kinetic En.   Total Energy    Temperature Pressure (bar)
    6.27472e+08    7.48818e+08    2.56822e+07    0.00000e+00

           Step           Time         Lambda
           9700        0.00970        0.00000

   Energies (kJ/mol)
          Morse            U-B    Proper Dih.  Improper Dih.      CMAP Dih.
    8.04358e+05    5.34701e+05    0.00000e+00    0.00000e+00    0.00000e+00
          LJ-14     Coulomb-14        LJ (SR)   Coulomb (SR)      Potential
    6.21649e-01    7.00634e+06    6.39493e+03    1.09884e+08    1.18236e+08
    Kinetic En.   Total Energy    Temperature Pressure (bar)
    6.28534e+08    7.46770e+08    2.57257e+07    0.00000e+00

           Step           Time         Lambda
           9800        0.00980        0.00000

   Energies (kJ/mol)
          Morse            U-B    Proper Dih.  Improper Dih.      CMAP Dih.
    8.04376e+05    5.36593e+05    0.00000e+00    0.00000e+00    0.00000e+00
          LJ-14     Coulomb-14        LJ (SR)   Coulomb (SR)      Potential
    5.75927e-01    6.93349e+06    6.76273e+03    1.06912e+08    1.15193e+08
    Kinetic En.   Total Energy    Temperature Pressure (bar)
    6.29561e+08    7.44754e+08    2.57677e+07    0.00000e+00

           Step           Time         Lambda
           9900        0.00990        0.00000

   Energies (kJ/mol)
          Morse            U-B    Proper Dih.  Improper Dih.      CMAP Dih.
    8.04392e+05    5.38446e+05    0.00000e+00    0.00000e+00    0.00000e+00
          LJ-14     Coulomb-14        LJ (SR)   Coulomb (SR)      Potential
    5.41613e-01    6.86209e+06    7.16542e+03    1.04102e+08    1.12314e+08
    Kinetic En.   Total Energy    Temperature Pressure (bar)
    6.30553e+08    7.42867e+08    2.58083e+07    0.00000e+00

           Step           Time         Lambda
          10000        0.01000        0.00000

   Energies (kJ/mol)
          Morse            U-B    Proper Dih.  Improper Dih.      CMAP Dih.
    8.04407e+05    5.40264e+05    0.00000e+00    0.00000e+00    0.00000e+00
          LJ-14     Coulomb-14        LJ (SR)   Coulomb (SR)      Potential
    5.13958e-01    6.79209e+06    7.53624e+03    1.01343e+08    1.09487e+08
    Kinetic En.   Total Energy    Temperature Pressure (bar)
    6.31514e+08    7.41001e+08    2.58476e+07    0.00000e+00

	<======  ###############  ==>
	<====  A V E R A G E S  ====>
	<==  ###############  ======>

	Statistics over 10002 steps using 2001 frames

   Energies (kJ/mol)
          Morse            U-B    Proper Dih.  Improper Dih.      CMAP Dih.
    6.30531e+05    3.17000e+05    4.64964e+00    4.33453e-01   -1.17626e+00
          LJ-14     Coulomb-14        LJ (SR)   Coulomb (SR)      Potential
    8.63774e+03    1.49627e+07    6.35804e+04    6.00773e+08    6.16755e+08
    Kinetic En.   Total Energy    Temperature Pressure (bar)
    4.11756e+08    1.02851e+09    1.68530e+07    0.00000e+00

   Total Virial (kJ/mol)
   -1.13385e+08   -8.93809e+05   -1.18780e+05
   -8.93808e+05   -1.02758e+08    2.17083e+05
   -1.18779e+05    2.17082e+05   -1.00798e+08

   Pressure (bar)
    0.00000e+00    0.00000e+00    0.00000e+00
    0.00000e+00    0.00000e+00    0.00000e+00
    0.00000e+00    0.00000e+00    0.00000e+00

   Total Dipole (D)
    7.71956e+05    7.74616e+05    7.76484e+05


	M E G A - F L O P S   A C C O U N T I N G

   RF=Reaction-Field  FE=Free Energy  SCFE=Soft-Core/Free Energy
   T=Tabulated        W3=SPC/TIP3p    W4=TIP4p (single or pairs)
   NF=No Forces

 Computing:                               M-Number         M-Flops  % Flops
-----------------------------------------------------------------------------
 LJ                                      87.493376        2887.281     1.3
 Coulomb + LJ                          4373.722019      166201.437    75.7
 Outer nonbonded loop                    21.808736         218.087     0.1
 1,4 nonbonded interactions              51.070212        4596.319     2.1
 NS-Pairs                              1458.355401       30625.463    14.0
 CG-CoM                                   3.921960          11.766     0.0
 Propers                                 53.920782       12347.859     5.6
 Impropers                                3.510702         730.226     0.3
 Morse Potent.                           19.843968        1150.950     0.5
 Virial                                   4.012005          72.216     0.0
 Stop-CM                                  3.921960          39.220     0.0
 Calc-Ekin                               19.605880         529.359     0.2
 (null)                                   1.270254           0.000     0.0
-----------------------------------------------------------------------------
 Total                                                  219410.184   100.0
-----------------------------------------------------------------------------


     R E A L   C Y C L E   A N D   T I M E   A C C O U N T I N G

 Computing:         Nodes     Number     G-Cycles    Seconds     %
-----------------------------------------------------------------------
 Neighbor search        1       2001       39.432       14.1    15.1
 Force                  1      10002      144.255       51.5    55.2
 Write traj.            1        101        0.164        0.1     0.1
 Update                 1      10002        0.610        0.2     0.2
 Rest                   1                  76.704       27.4    29.4
-----------------------------------------------------------------------
 Total                  1                 261.165       93.2   100.0
-----------------------------------------------------------------------

               NODE (s)   Real (s)      (%)
       Time:     93.093     93.166     99.9
                       1:33
               (Mnbf/s)   (GFlops)   (ns/day)  (hour/ns)
Performance:     47.922      2.357      0.009   2585.388
Finished mdrun on node 0 Thu Mar 27 09:48:07 2025
